TN:
SF:src/login.ts
FN:1,(empty-report)
FNF:1
FNH:1
FNDA:1,(empty-report)
DA:12,0
DA:13,0
DA:14,0
DA:15,0
DA:17,0
DA:20,0
DA:21,0
DA:22,0
DA:23,0
DA:24,0
DA:25,0
DA:26,0
DA:27,0
DA:28,0
DA:29,0
DA:30,0
DA:31,0
DA:32,0
DA:33,0
DA:34,0
DA:35,0
DA:36,0
DA:37,0
DA:38,0
DA:39,0
DA:40,0
DA:41,0
DA:42,0
DA:43,0
DA:44,0
DA:45,0
DA:46,0
DA:47,0
DA:48,0
DA:49,0
DA:50,0
DA:51,0
DA:52,0
DA:53,0
DA:54,0
DA:55,0
DA:56,0
DA:58,0
DA:59,0
DA:62,0
DA:63,0
DA:64,0
DA:65,0
DA:66,0
DA:68,0
DA:69,0
DA:72,0
DA:73,0
DA:74,0
DA:75,0
DA:76,0
DA:77,0
DA:78,0
DA:79,0
DA:80,0
DA:81,0
DA:82,0
DA:83,0
DA:84,0
DA:85,0
DA:88,0
DA:89,0
DA:92,0
DA:95,0
DA:96,0
DA:97,0
DA:98,0
DA:99,0
DA:100,0
DA:101,0
DA:102,0
DA:103,0
DA:105,0
DA:106,0
DA:108,0
DA:109,0
DA:110,0
DA:111,0
DA:112,0
DA:113,0
DA:114,0
DA:115,0
DA:116,0
DA:117,0
DA:118,0
DA:119,0
DA:120,0
DA:121,0
DA:122,0
DA:123,0
DA:124,0
DA:125,0
DA:126,0
DA:127,0
DA:130,0
DA:131,0
DA:132,0
DA:134,0
DA:135,0
DA:136,0
DA:138,0
DA:139,0
DA:140,0
DA:141,0
LF:109
LH:0
BRDA:1,0,0,1
BRF:1
BRH:1
end_of_record
TN:
SF:src/schema/toolSchemas.ts
FNF:0
FNH:0
DA:6,1
DA:7,1
DA:8,1
DA:9,1
DA:10,1
DA:11,1
DA:12,1
DA:13,1
DA:14,1
DA:15,1
DA:16,1
DA:17,1
DA:18,1
DA:19,1
DA:20,1
DA:21,1
DA:22,1
DA:23,1
DA:24,1
DA:25,1
DA:26,1
DA:27,1
DA:28,1
DA:29,1
DA:30,1
DA:31,1
DA:32,1
DA:33,1
DA:34,1
DA:35,1
DA:36,1
DA:37,1
DA:38,1
DA:39,1
DA:40,1
DA:41,1
DA:42,1
DA:43,1
DA:44,1
DA:45,1
DA:46,1
DA:47,1
DA:48,1
DA:49,1
DA:50,1
DA:51,1
DA:52,1
DA:53,1
DA:54,1
DA:55,1
DA:56,1
DA:57,1
DA:58,1
DA:59,1
DA:60,1
DA:61,1
DA:62,1
DA:63,1
DA:64,1
DA:65,1
DA:66,1
DA:67,1
DA:68,1
DA:69,1
DA:70,1
DA:71,1
DA:72,1
DA:73,1
DA:74,1
DA:75,1
DA:76,1
DA:77,1
DA:78,1
DA:79,1
DA:80,1
DA:81,1
DA:82,1
DA:83,1
DA:84,1
DA:85,1
DA:86,1
DA:87,1
DA:88,1
DA:89,1
DA:90,1
DA:91,1
DA:92,1
DA:93,1
DA:94,1
DA:95,1
DA:96,1
DA:97,1
DA:98,1
DA:99,1
DA:100,1
DA:101,1
DA:102,1
DA:103,1
DA:104,1
DA:105,1
DA:106,1
DA:107,1
DA:108,1
DA:109,1
DA:110,1
DA:111,1
DA:112,1
DA:113,1
DA:114,1
DA:115,1
DA:116,1
DA:117,1
DA:118,1
DA:119,1
DA:120,1
DA:121,1
DA:122,1
DA:123,1
DA:124,1
DA:125,1
DA:126,1
DA:127,1
DA:128,1
DA:129,1
DA:130,1
DA:131,1
DA:132,1
DA:133,1
DA:134,1
DA:135,1
DA:136,1
DA:137,1
DA:138,1
DA:139,1
DA:140,1
DA:141,1
DA:142,1
DA:143,1
DA:144,1
DA:145,1
DA:146,1
DA:147,1
DA:148,1
DA:149,1
DA:150,1
DA:151,1
DA:152,1
DA:153,1
DA:154,1
DA:155,1
DA:156,1
DA:157,1
DA:158,1
DA:159,1
DA:160,1
DA:161,1
DA:162,1
DA:163,1
DA:164,1
DA:165,1
DA:166,1
DA:167,1
DA:168,1
DA:169,1
DA:170,1
DA:171,1
DA:172,1
DA:173,1
DA:174,1
DA:175,1
DA:176,1
DA:177,1
DA:178,1
DA:179,1
DA:180,1
DA:181,1
DA:182,1
DA:183,1
DA:184,1
DA:185,1
DA:186,1
DA:187,1
DA:188,1
DA:189,1
DA:190,1
DA:191,1
DA:192,1
DA:193,1
DA:194,1
DA:195,1
DA:196,1
DA:197,1
DA:198,1
DA:199,1
DA:200,1
DA:201,1
DA:202,1
DA:203,1
DA:204,1
DA:205,1
DA:206,1
DA:207,1
DA:208,1
DA:209,1
DA:210,1
DA:211,1
DA:212,1
DA:213,1
DA:214,1
DA:215,1
DA:216,1
DA:217,1
DA:218,1
DA:219,1
DA:220,1
DA:221,1
DA:222,1
DA:223,1
DA:224,1
DA:225,1
DA:226,1
DA:227,1
DA:228,1
DA:229,1
DA:230,1
DA:231,1
DA:232,1
DA:233,1
DA:234,1
DA:235,1
DA:236,1
DA:237,1
DA:238,1
DA:239,1
DA:240,1
DA:241,1
DA:242,1
DA:243,1
DA:244,1
DA:245,1
DA:246,1
DA:247,1
DA:248,1
DA:249,1
DA:250,1
DA:251,1
DA:252,1
DA:253,1
DA:254,1
DA:255,1
DA:256,1
DA:257,1
DA:258,1
DA:259,1
DA:260,1
DA:261,1
DA:262,1
DA:263,1
DA:264,1
DA:265,1
DA:266,1
DA:267,1
DA:268,1
DA:269,1
DA:270,1
DA:271,1
DA:272,1
DA:273,1
DA:274,1
DA:275,1
DA:276,1
DA:277,1
DA:278,1
DA:279,1
DA:280,1
DA:281,1
DA:282,1
DA:283,1
DA:284,1
DA:285,1
DA:286,1
DA:287,1
DA:288,1
DA:289,1
DA:290,1
DA:291,1
DA:292,1
DA:293,1
DA:294,1
DA:295,1
DA:296,1
DA:297,1
DA:298,1
DA:299,1
DA:300,1
DA:301,1
DA:302,1
DA:303,1
DA:304,1
DA:305,1
DA:306,1
DA:307,1
DA:308,1
DA:309,1
DA:310,1
DA:311,1
DA:312,1
DA:313,1
DA:314,1
DA:315,1
DA:316,1
DA:317,1
DA:318,1
DA:319,1
DA:320,1
DA:321,1
DA:322,1
DA:323,1
DA:324,1
DA:325,1
DA:326,1
DA:327,1
DA:328,1
DA:329,1
DA:330,1
DA:331,1
DA:332,1
DA:333,1
DA:334,1
DA:335,1
DA:336,1
DA:337,1
DA:338,1
DA:339,1
DA:340,1
LF:335
LH:335
BRF:0
BRH:0
end_of_record
TN:
SF:src/server/PerplexityServer.ts
FN:24,<instance_members_initializer>
FN:29,PerplexityServer
FN:70,setupShutdownHandler
FN:86,cleanup
FN:99,handleChatPerplexity
FN:122,handleGetDocumentation
FN:130,handleFindApis
FN:138,handleCheckDeprecatedCode
FN:146,handleSearch
FN:156,handleExtractUrlContent
FN:170,createPuppeteerContext
FN:175,setupToolHandlers
FN:188,run
FN:212,getToolHandlersRegistry
FN:224,getBrowserManager
FN:228,getSearchEngine
FN:232,getDatabaseManager
FNF:17
FNH:6
FNDA:16,<instance_members_initializer>
FNDA:16,PerplexityServer
FNDA:0,setupShutdownHandler
FNDA:0,cleanup
FNDA:0,handleChatPerplexity
FNDA:0,handleGetDocumentation
FNDA:0,handleFindApis
FNDA:0,handleCheckDeprecatedCode
FNDA:0,handleSearch
FNDA:0,handleExtractUrlContent
FNDA:0,createPuppeteerContext
FNDA:16,setupToolHandlers
FNDA:0,run
FNDA:0,getToolHandlersRegistry
FNDA:3,getBrowserManager
FNDA:9,getSearchEngine
FNDA:2,getDatabaseManager
DA:5,1
DA:6,1
DA:13,1
DA:14,1
DA:15,1
DA:16,1
DA:17,1
DA:20,1
DA:21,1
DA:23,1
DA:24,1
DA:25,16
DA:26,16
DA:27,16
DA:29,1
DA:30,16
DA:32,16
DA:33,16
DA:34,16
DA:35,16
DA:36,16
DA:37,16
DA:38,16
DA:39,16
DA:40,16
DA:41,16
DA:44,16
DA:45,16
DA:46,16
DA:49,16
DA:52,16
DA:56,16
DA:57,0
DA:58,0
DA:60,16
DA:61,16
DA:62,0
DA:63,0
DA:64,0
DA:65,0
DA:66,0
DA:67,0
DA:68,16
DA:70,1
DA:71,0
DA:72,0
DA:73,0
DA:74,0
DA:75,0
DA:76,0
DA:77,0
DA:78,0
DA:79,0
DA:80,0
DA:81,0
DA:82,0
DA:83,0
DA:84,0
DA:86,1
DA:87,0
DA:88,0
DA:89,0
DA:90,0
DA:91,0
DA:92,0
DA:93,0
DA:94,0
DA:95,0
DA:96,0
DA:99,1
DA:100,0
DA:103,0
DA:106,0
DA:107,0
DA:108,0
DA:109,0
DA:110,0
DA:113,0
DA:114,0
DA:115,0
DA:116,0
DA:117,0
DA:118,0
DA:119,0
DA:120,0
DA:122,1
DA:123,0
DA:124,0
DA:125,0
DA:126,0
DA:127,0
DA:128,0
DA:130,1
DA:131,0
DA:132,0
DA:133,0
DA:134,0
DA:135,0
DA:136,0
DA:138,1
DA:139,0
DA:140,0
DA:141,0
DA:142,0
DA:143,0
DA:144,0
DA:146,1
DA:147,0
DA:153,0
DA:154,0
DA:156,1
DA:157,0
DA:160,0
DA:161,0
DA:162,0
DA:165,0
DA:167,0
DA:168,0
DA:170,1
DA:171,0
DA:172,0
DA:173,0
DA:175,1
DA:176,16
DA:177,16
DA:178,16
DA:179,16
DA:180,16
DA:181,16
DA:182,16
DA:183,16
DA:185,16
DA:186,16
DA:188,1
DA:189,0
DA:190,0
DA:191,0
DA:193,0
DA:194,0
DA:196,0
DA:197,0
DA:198,0
DA:199,0
DA:202,0
DA:203,0
DA:204,0
DA:205,0
DA:206,0
DA:207,0
DA:208,0
DA:209,0
DA:210,0
DA:212,1
DA:213,0
DA:214,0
DA:215,0
DA:216,0
DA:217,0
DA:218,0
DA:219,0
DA:220,0
DA:221,0
DA:224,1
DA:225,3
DA:226,3
DA:228,1
DA:229,9
DA:230,9
DA:232,1
DA:233,2
DA:234,2
DA:235,1
LF:172
LH:67
BRDA:24,0,0,16
BRDA:29,1,0,16
BRDA:44,2,0,1
BRDA:44,3,0,15
BRDA:45,4,0,1
BRDA:45,5,0,15
BRDA:46,6,0,1
BRDA:46,7,0,15
BRDA:56,8,0,0
BRDA:61,9,0,0
BRDA:175,10,0,16
BRDA:224,11,0,3
BRDA:228,12,0,9
BRDA:232,13,0,2
BRF:14
BRH:12
end_of_record
TN:
SF:src/server/config.ts
FNF:0
FNH:0
DA:1,1
DA:2,1
DA:4,1
DA:6,1
DA:7,1
DA:16,1
DA:18,1
DA:19,1
DA:20,1
DA:21,1
DA:22,1
DA:23,1
DA:24,1
DA:25,1
DA:26,1
DA:27,1
DA:28,1
DA:29,1
DA:30,1
DA:31,1
DA:32,1
DA:33,1
DA:34,1
DA:35,1
DA:36,1
DA:37,1
DA:38,1
LF:27
LH:27
BRDA:16,0,0,0
BRF:1
BRH:0
end_of_record
TN:
SF:src/server/toolHandlerSetup.ts
FN:24,setupToolHandlers
FN:107,createToolHandlersRegistry
FNF:2
FNH:2
FNDA:19,setupToolHandlers
FNDA:17,createToolHandlersRegistry
DA:6,1
DA:8,1
DA:15,1
DA:17,1
DA:24,1
DA:26,19
DA:27,0
DA:28,0
DA:29,0
DA:30,19
DA:33,19
DA:34,1
DA:37,1
DA:38,0
DA:39,1
DA:41,1
DA:42,1
DA:43,1
DA:46,1
DA:47,0
DA:48,0
DA:49,0
DA:50,0
DA:51,0
DA:52,0
DA:53,0
DA:54,0
DA:55,0
DA:56,0
DA:57,0
DA:59,1
DA:60,1
DA:61,0
DA:62,0
DA:63,0
DA:64,0
DA:65,0
DA:67,0
DA:68,0
DA:70,0
DA:71,0
DA:72,0
DA:73,0
DA:74,0
DA:75,0
DA:76,0
DA:77,0
DA:78,0
DA:79,0
DA:80,0
DA:82,0
DA:83,0
DA:84,0
DA:85,0
DA:86,0
DA:87,0
DA:88,0
DA:89,0
DA:90,0
DA:92,0
DA:93,0
DA:94,0
DA:95,0
DA:96,1
DA:97,1
DA:98,1
DA:99,19
DA:100,19
DA:107,1
DA:108,17
DA:109,17
LF:71
LH:25
BRDA:24,0,0,19
BRDA:33,1,0,1
BRDA:43,2,0,0
BRDA:46,3,0,0
BRDA:60,4,0,0
BRDA:107,5,0,17
BRF:6
BRH:3
end_of_record
TN:
SF:src/server/modules/BrowserManager.ts
FN:18,<instance_members_initializer>
FN:28,getPuppeteerContext
FN:38,setBrowser
FN:41,setPage
FN:44,setIsInitializing
FN:47,setSearchInputSelector
FN:50,setIdleTimeout
FN:53,incrementOperationCount
FN:57,setInitPromise
FN:63,log
FN:79,determineRecoveryLevel
FN:107,initialize
FN:125,_doInitialize
FN:138,navigateToPerplexity
FN:143,waitForSearchInput
FN:149,checkForCaptcha
FN:154,performRecovery
FN:159,isReady
FN:163,cleanup
FN:190,getPage
FN:194,getBrowser
FN:198,resetIdleTimeout
FNF:22
FNH:14
FNDA:18,<instance_members_initializer>
FNDA:17,getPuppeteerContext
FNDA:0,setBrowser
FNDA:0,setPage
FNDA:0,setIsInitializing
FNDA:0,setSearchInputSelector
FNDA:0,setIdleTimeout
FNDA:0,incrementOperationCount
FNDA:1,setInitPromise
FNDA:0,log
FNDA:0,determineRecoveryLevel
FNDA:7,initialize
FNDA:6,_doInitialize
FNDA:1,navigateToPerplexity
FNDA:1,waitForSearchInput
FNDA:1,checkForCaptcha
FNDA:4,performRecovery
FNDA:4,isReady
FNDA:2,cleanup
FNDA:2,getPage
FNDA:2,getBrowser
FNDA:2,resetIdleTimeout
DA:7,1
DA:8,1
DA:17,1
DA:18,1
DA:19,18
DA:20,18
DA:21,18
DA:22,18
DA:23,18
DA:24,18
DA:25,18
DA:26,18
DA:28,1
DA:29,17
DA:30,17
DA:31,17
DA:32,17
DA:33,17
DA:34,17
DA:35,17
DA:36,17
DA:37,17
DA:38,17
DA:39,0
DA:40,0
DA:41,17
DA:42,0
DA:43,0
DA:44,17
DA:45,0
DA:46,0
DA:47,17
DA:48,0
DA:49,0
DA:50,17
DA:51,0
DA:52,0
DA:53,17
DA:54,17
DA:55,17
DA:56,17
DA:57,17
DA:58,1
DA:59,1
DA:60,17
DA:61,17
DA:63,1
DA:64,0
DA:65,0
DA:66,0
DA:67,0
DA:68,0
DA:69,0
DA:70,0
DA:71,0
DA:72,0
DA:73,0
DA:74,0
DA:75,0
DA:76,0
DA:77,0
DA:79,1
DA:80,0
DA:82,0
DA:85,0
DA:86,0
DA:87,0
DA:88,0
DA:89,0
DA:90,0
DA:91,0
DA:92,0
DA:95,0
DA:96,0
DA:97,0
DA:98,0
DA:99,0
DA:100,0
DA:101,0
DA:104,0
DA:105,0
DA:107,1
DA:109,7
DA:110,1
DA:111,1
DA:112,1
DA:113,1
DA:116,6
DA:118,6
DA:119,6
DA:120,7
DA:121,6
DA:122,6
DA:123,7
DA:125,1
DA:126,6
DA:127,6
DA:128,6
DA:129,4
DA:130,6
DA:131,2
DA:132,2
DA:133,2
DA:134,2
DA:135,2
DA:136,6
DA:138,1
DA:139,1
DA:140,1
DA:141,1
DA:143,1
DA:144,1
DA:145,1
DA:146,1
DA:147,1
DA:149,1
DA:150,1
DA:151,1
DA:152,1
DA:154,1
DA:155,4
DA:156,4
DA:157,4
DA:159,1
DA:160,4
DA:161,4
DA:163,1
DA:164,2
DA:165,2
DA:166,0
DA:167,0
DA:168,0
DA:170,2
DA:171,1
DA:172,1
DA:174,2
DA:175,1
DA:176,1
DA:178,2
DA:179,2
DA:180,2
DA:182,2
DA:183,2
DA:184,0
DA:185,0
DA:186,0
DA:187,0
DA:188,2
DA:190,1
DA:191,2
DA:192,2
DA:194,1
DA:195,2
DA:196,2
DA:198,1
DA:199,2
DA:200,2
DA:201,2
DA:202,1
LF:159
LH:109
BRDA:18,0,0,18
BRDA:28,1,0,17
BRDA:57,2,0,1
BRDA:107,3,0,7
BRDA:109,4,0,1
BRDA:113,5,0,6
BRDA:119,6,0,4
BRDA:120,7,0,6
BRDA:125,8,0,6
BRDA:128,9,0,4
BRDA:130,10,0,2
BRDA:132,11,0,0
BRDA:138,12,0,1
BRDA:143,13,0,1
BRDA:149,14,0,1
BRDA:154,15,0,4
BRDA:159,16,0,4
BRDA:160,17,0,2
BRDA:160,18,0,2
BRDA:160,19,0,2
BRDA:163,20,0,2
BRDA:165,21,0,0
BRDA:170,22,0,1
BRDA:170,23,0,1
BRDA:174,24,0,1
BRDA:174,25,0,1
BRDA:183,26,0,0
BRDA:190,27,0,2
BRDA:194,28,0,2
BRDA:198,29,0,2
BRF:30
BRH:27
end_of_record
TN:
SF:src/server/modules/DatabaseManager.ts
FN:17,DatabaseManager
FN:19,initialize
FN:53,getChatHistory
FN:73,saveChatMessage
FN:92,close
FN:107,isInitialized
FN:112,getDatabase
FNF:7
FNH:6
FNDA:21,DatabaseManager
FNDA:11,initialize
FNDA:3,getChatHistory
FNDA:3,saveChatMessage
FNDA:2,close
FNDA:10,isInitialized
FNDA:0,getDatabase
DA:1,1
DA:2,1
DA:3,1
DA:8,1
DA:10,1
DA:11,1
DA:13,1
DA:14,1
DA:15,1
DA:17,1
DA:19,1
DA:20,11
DA:22,11
DA:23,11
DA:24,11
DA:26,11
DA:28,11
DA:31,11
DA:32,1
DA:33,1
DA:34,1
DA:37,11
DA:40,11
DA:42,11
DA:43,11
DA:44,11
DA:45,1
DA:46,1
DA:47,1
DA:48,1
DA:49,1
DA:50,1
DA:51,11
DA:53,1
DA:54,3
DA:55,1
DA:56,1
DA:58,3
DA:59,1
DA:60,1
DA:62,1
DA:63,1
DA:64,3
DA:65,0
DA:66,0
DA:67,0
DA:68,0
DA:69,0
DA:70,0
DA:71,3
DA:73,1
DA:74,3
DA:75,1
DA:76,1
DA:78,2
DA:79,2
DA:80,2
DA:81,2
DA:82,3
DA:83,0
DA:84,0
DA:85,0
DA:86,0
DA:87,0
DA:88,0
DA:89,0
DA:90,3
DA:92,1
DA:93,2
DA:94,2
DA:95,1
DA:96,1
DA:97,1
DA:98,1
DA:99,1
DA:100,2
DA:101,0
DA:102,0
DA:103,0
DA:104,0
DA:105,2
DA:107,1
DA:108,10
DA:109,10
DA:112,1
DA:113,0
DA:114,0
DA:115,1
LF:88
LH:69
BRDA:17,0,0,21
BRDA:19,1,0,11
BRDA:31,2,0,1
BRDA:44,3,0,1
BRDA:46,4,0,0
BRDA:47,5,0,0
BRDA:53,6,0,3
BRDA:54,7,0,1
BRDA:56,8,0,2
BRDA:58,9,0,1
BRDA:64,10,0,0
BRDA:73,11,0,3
BRDA:74,12,0,1
BRDA:76,13,0,2
BRDA:82,14,0,0
BRDA:92,15,0,2
BRDA:94,16,0,1
BRDA:100,17,0,0
BRDA:107,18,0,10
BRDA:108,19,0,6
BRF:20
BRH:15
end_of_record
TN:
SF:src/server/modules/SearchEngine.ts
FN:12,SearchEngine
FN:14,performSearch
FN:101,executeSearch
FN:137,waitForCompleteAnswer
FN:185,extractCompleteAnswer
FN:328,extractFallbackAnswer
FN:372,generateErrorResponse
FNF:7
FNH:3
FNDA:9,SearchEngine
FNDA:9,performSearch
FNDA:1,executeSearch
FNDA:0,waitForCompleteAnswer
FNDA:0,extractCompleteAnswer
FNDA:0,extractFallbackAnswer
FNDA:0,generateErrorResponse
DA:7,1
DA:8,1
DA:9,1
DA:11,1
DA:12,1
DA:14,1
DA:16,9
DA:17,0
DA:18,0
DA:19,0
DA:20,0
DA:21,0
DA:22,0
DA:23,9
DA:25,9
DA:27,9
DA:28,0
DA:29,0
DA:30,0
DA:33,9
DA:36,9
DA:38,9
DA:39,1
DA:40,1
DA:43,1
DA:44,1
DA:45,0
DA:46,0
DA:47,0
DA:49,1
DA:50,1
DA:51,1
DA:52,0
DA:53,0
DA:54,0
DA:55,0
DA:56,0
DA:57,0
DA:59,1
DA:62,1
DA:65,0
DA:66,0
DA:67,9
DA:68,9
DA:69,7
DA:70,7
DA:71,7
DA:74,7
DA:75,7
DA:76,1
DA:77,1
DA:78,1
DA:79,1
DA:81,7
DA:82,1
DA:83,1
DA:84,1
DA:85,1
DA:87,7
DA:88,1
DA:89,1
DA:90,1
DA:91,1
DA:92,7
DA:95,7
DA:96,9
DA:97,9
DA:98,9
DA:99,9
DA:101,1
DA:102,1
DA:105,1
DA:106,1
DA:107,0
DA:108,0
DA:109,1
DA:111,1
DA:112,1
DA:113,1
DA:114,0
DA:115,0
DA:116,0
DA:117,0
DA:123,1
DA:124,1
DA:125,1
DA:126,1
DA:127,1
DA:128,1
DA:130,0
DA:131,0
DA:132,0
DA:134,1
DA:135,1
DA:137,1
DA:138,0
DA:141,0
DA:143,0
DA:144,0
DA:145,0
DA:146,0
DA:147,0
DA:148,0
DA:149,0
DA:150,0
DA:151,0
DA:152,0
DA:153,0
DA:154,0
DA:155,0
DA:156,0
DA:158,0
DA:159,0
DA:161,0
DA:162,0
DA:163,0
DA:165,0
DA:168,0
DA:169,0
DA:170,0
DA:172,0
DA:173,0
DA:175,0
DA:176,0
DA:179,0
DA:180,0
DA:182,0
DA:183,0
DA:185,1
DA:187,0
DA:188,0
DA:189,0
DA:190,0
DA:191,0
DA:193,0
DA:195,0
DA:196,0
DA:197,0
DA:198,0
DA:199,0
DA:200,0
DA:202,0
DA:203,0
DA:204,0
DA:205,0
DA:206,0
DA:207,0
DA:208,0
DA:209,0
DA:210,0
DA:212,0
DA:213,0
DA:214,0
DA:217,0
DA:218,0
DA:219,0
DA:220,0
DA:223,0
DA:224,0
DA:225,0
DA:226,0
DA:227,0
DA:229,0
DA:230,0
DA:231,0
DA:232,0
DA:233,0
DA:234,0
DA:236,0
DA:237,0
DA:238,0
DA:239,0
DA:241,0
DA:242,0
DA:243,0
DA:244,0
DA:245,0
DA:246,0
DA:247,0
DA:248,0
DA:250,0
DA:251,0
DA:252,0
DA:253,0
DA:254,0
DA:255,0
DA:256,0
DA:257,0
DA:258,0
DA:259,0
DA:260,0
DA:261,0
DA:262,0
DA:263,0
DA:264,0
DA:266,0
DA:267,0
DA:268,0
DA:269,0
DA:270,0
DA:272,0
DA:273,0
DA:274,0
DA:275,0
DA:277,0
DA:278,0
DA:279,0
DA:280,0
DA:281,0
DA:282,0
DA:283,0
DA:285,0
DA:287,0
DA:288,0
DA:289,0
DA:290,0
DA:291,0
DA:293,0
DA:295,0
DA:296,0
DA:297,0
DA:298,0
DA:299,0
DA:300,0
DA:302,0
DA:303,0
DA:304,0
DA:307,0
DA:308,0
DA:309,0
DA:310,0
DA:311,0
DA:313,0
DA:314,0
DA:315,0
DA:317,0
DA:318,0
DA:319,0
DA:320,0
DA:321,0
DA:322,0
DA:323,0
DA:324,0
DA:325,0
DA:328,1
DA:329,0
DA:330,0
DA:332,0
DA:334,0
DA:336,0
DA:338,0
DA:339,0
DA:341,0
DA:342,0
DA:344,0
DA:345,0
DA:346,0
DA:347,0
DA:349,0
DA:351,0
DA:352,0
DA:353,0
DA:356,0
DA:357,0
DA:358,0
DA:359,0
DA:362,0
DA:363,0
DA:364,0
DA:365,0
DA:366,0
DA:367,0
DA:368,0
DA:369,0
DA:370,0
DA:372,1
DA:373,0
DA:375,0
DA:376,0
DA:377,0
DA:379,0
DA:380,0
DA:381,0
DA:383,0
DA:384,0
DA:385,0
DA:387,0
DA:388,0
DA:389,1
LF:289
LH:70
BRDA:12,0,0,9
BRDA:14,1,0,9
BRDA:27,2,0,0
BRDA:68,3,0,7
BRDA:70,4,0,0
BRDA:75,5,0,6
BRDA:75,6,0,1
BRDA:79,7,0,6
BRDA:81,8,0,1
BRDA:85,9,0,5
BRDA:87,10,0,1
BRDA:92,11,0,4
BRDA:95,12,0,0
BRDA:96,13,0,0
BRDA:38,14,0,1
BRDA:39,15,0,0
BRDA:44,16,0,0
BRDA:51,17,0,0
BRDA:62,18,0,0
BRDA:101,19,0,1
BRDA:102,20,0,0
BRDA:113,21,0,0
BRDA:128,22,0,0
BRF:23
BRH:12
end_of_record
TN:
SF:src/tools/chatPerplexity.ts
FN:19,chatPerplexity
FNF:1
FNH:1
FNDA:7,chatPerplexity
DA:5,1
DA:7,1
DA:8,1
DA:19,7
DA:20,7
DA:21,7
DA:22,7
DA:23,7
DA:24,7
DA:25,7
DA:26,7
DA:30,7
DA:31,7
DA:33,7
DA:34,1
DA:35,1
DA:36,0
DA:37,0
DA:38,1
DA:39,7
DA:40,2
DA:41,2
DA:42,0
DA:43,0
DA:44,2
DA:45,6
DA:47,4
DA:48,4
DA:49,4
DA:53,7
DA:54,3
DA:56,3
DA:57,0
DA:58,0
DA:60,3
DA:61,3
DA:65,7
DA:66,1
DA:67,1
DA:70,7
DA:71,0
DA:72,0
DA:75,4
DA:76,4
DA:77,4
DA:79,4
DA:80,7
DA:81,0
DA:82,0
DA:83,0
DA:84,4
DA:86,4
DA:87,4
LF:53
LH:42
BRDA:19,0,0,7
BRDA:33,1,0,1
BRDA:35,2,0,0
BRDA:39,3,0,6
BRDA:39,4,0,2
BRDA:41,5,0,0
BRDA:45,6,0,4
BRDA:53,7,0,3
BRDA:56,8,0,0
BRDA:61,9,0,4
BRDA:65,10,0,1
BRDA:67,11,0,4
BRDA:70,12,0,0
BRDA:72,13,0,4
BRDA:80,14,0,0
BRDA:83,15,0,4
BRF:16
BRH:11
end_of_record
TN:
SF:src/tools/checkDeprecatedCode.ts
FN:11,checkDeprecatedCode
FNF:1
FNH:1
FNDA:2,checkDeprecatedCode
DA:11,2
DA:12,2
DA:13,2
DA:14,2
DA:15,2
DA:16,2
DA:17,2
DA:18,2
DA:19,2
DA:21,2
DA:33,2
DA:34,2
LF:12
LH:12
BRDA:11,0,0,2
BRDA:18,1,0,1
BRDA:18,2,0,1
BRF:3
BRH:3
end_of_record
TN:
SF:src/tools/extractUrlContent.ts
FN:12,createTimeoutSetup
FN:28,determineStatus
FN:40,generateStatusMessage
FN:56,formatSuccessResult
FN:73,formatErrorResult
FN:100,extractUrlContent
FNF:6
FNH:5
FNDA:2,createTimeoutSetup
FNDA:2,determineStatus
FNDA:2,generateStatusMessage
FNDA:2,formatSuccessResult
FNDA:0,formatErrorResult
FNDA:5,extractUrlContent
DA:9,1
DA:12,2
DA:13,2
DA:14,2
DA:15,2
DA:16,2
DA:18,2
DA:19,2
DA:20,0
DA:21,0
DA:22,2
DA:23,2
DA:25,2
DA:26,2
DA:28,2
DA:29,2
DA:31,2
DA:32,2
DA:33,2
DA:34,0
DA:35,0
DA:36,0
DA:37,0
DA:38,0
DA:40,2
DA:41,2
DA:42,0
DA:43,0
DA:44,0
DA:46,2
DA:47,0
DA:48,0
DA:49,2
DA:50,0
DA:51,0
DA:53,2
DA:54,2
DA:56,2
DA:57,2
DA:58,2
DA:59,2
DA:60,2
DA:61,2
DA:62,2
DA:63,2
DA:64,2
DA:65,2
DA:66,2
DA:67,2
DA:68,2
DA:69,2
DA:70,2
DA:71,2
DA:73,0
DA:74,0
DA:75,0
DA:76,0
DA:77,0
DA:78,0
DA:79,0
DA:80,0
DA:81,0
DA:82,0
DA:83,0
DA:84,0
DA:85,0
DA:86,0
DA:87,0
DA:88,0
DA:90,0
DA:91,0
DA:92,0
DA:93,0
DA:94,0
DA:95,0
DA:96,0
DA:97,0
DA:98,0
DA:100,5
DA:101,5
DA:102,5
DA:103,5
DA:104,5
DA:105,5
DA:107,5
DA:109,3
DA:110,3
DA:111,3
DA:114,2
DA:115,2
DA:116,2
DA:117,2
DA:119,2
DA:120,2
DA:121,2
DA:122,2
DA:124,2
DA:125,2
DA:126,2
DA:127,2
DA:128,2
DA:129,2
DA:130,2
DA:131,2
DA:132,2
DA:133,2
DA:135,2
DA:136,2
DA:138,2
DA:139,2
DA:140,2
DA:142,2
DA:143,5
DA:144,0
DA:145,0
DA:146,0
DA:148,0
DA:149,0
DA:150,5
LF:119
LH:75
BRDA:12,0,0,2
BRDA:18,1,0,2
BRDA:28,2,0,2
BRDA:33,3,0,0
BRDA:29,4,0,2
BRDA:40,5,0,2
BRDA:41,6,0,0
BRDA:46,7,0,0
BRDA:46,8,0,0
BRDA:49,9,0,0
BRDA:56,10,0,2
BRDA:100,11,0,5
BRDA:107,12,0,3
BRDA:111,13,0,2
BRDA:143,14,0,0
BRF:15
BRH:9
end_of_record
TN:
SF:src/tools/findApis.ts
FN:10,findApis
FNF:1
FNH:1
FNDA:2,findApis
DA:10,2
DA:11,2
DA:12,2
DA:13,2
DA:14,2
DA:15,2
DA:16,2
DA:17,2
DA:18,2
DA:30,2
DA:31,2
LF:11
LH:11
BRDA:10,0,0,2
BRDA:17,1,0,1
BRDA:17,2,0,1
BRF:3
BRH:3
end_of_record
TN:
SF:src/tools/getDocumentation.ts
FN:10,getDocumentation
FNF:1
FNH:1
FNDA:2,getDocumentation
DA:10,2
DA:11,2
DA:12,2
DA:13,2
DA:14,2
DA:15,2
DA:16,2
DA:17,2
DA:18,2
DA:31,2
DA:32,2
LF:11
LH:11
BRDA:10,0,0,2
BRDA:17,1,0,1
BRDA:17,2,0,1
BRF:3
BRH:3
end_of_record
TN:
SF:src/tools/search.ts
FN:11,search
FN:60,streamBrowserSetup
FN:70,streamSearchInitiation
FN:75,streamSearchExecution
FN:107,streamSearchResults
FN:120,streamFallbackSearch
FN:130,formatStreamingError
FN:139,realTimeStreamingSearch
FN:173,createContentCheck
FN:193,checkPageContent
FN:203,generateProgressUpdate
FN:219,shouldBreakMonitoring
FN:226,monitorPageContent
FNF:13
FNH:2
FNDA:8,search
FNDA:0,streamBrowserSetup
FNDA:0,streamSearchInitiation
FNDA:0,streamSearchExecution
FNDA:0,streamSearchResults
FNDA:0,streamFallbackSearch
FNDA:0,formatStreamingError
FNDA:1,realTimeStreamingSearch
FNDA:0,createContentCheck
FNDA:0,checkPageContent
FNDA:0,generateProgressUpdate
FNDA:0,shouldBreakMonitoring
FNDA:0,monitorPageContent
DA:6,1
DA:11,8
DA:12,8
DA:20,8
DA:21,8
DA:22,8
DA:23,8
DA:26,8
DA:27,2
DA:28,1
DA:31,8
DA:32,0
DA:33,0
DA:36,8
DA:38,7
DA:39,7
DA:40,8
DA:41,1
DA:42,1
DA:43,8
DA:44,1
DA:45,1
DA:46,8
DA:47,5
DA:48,8
DA:51,8
DA:52,6
DA:53,6
DA:56,1
DA:57,1
DA:60,0
DA:61,0
DA:63,0
DA:64,0
DA:65,0
DA:66,0
DA:67,0
DA:68,0
DA:70,0
DA:71,0
DA:72,0
DA:73,0
DA:75,0
DA:76,0
DA:77,0
DA:78,0
DA:79,0
DA:80,0
DA:81,0
DA:84,0
DA:87,0
DA:88,0
DA:89,0
DA:90,0
DA:91,0
DA:94,0
DA:95,0
DA:96,0
DA:97,0
DA:100,0
DA:102,0
DA:103,0
DA:104,0
DA:105,0
DA:107,0
DA:108,0
DA:111,0
DA:112,0
DA:113,0
DA:114,0
DA:116,0
DA:117,0
DA:118,0
DA:120,0
DA:121,0
DA:122,0
DA:123,0
DA:124,0
DA:125,0
DA:126,0
DA:127,0
DA:128,0
DA:130,0
DA:131,0
DA:132,0
DA:133,0
DA:139,1
DA:140,1
DA:141,1
DA:142,1
DA:143,1
DA:144,1
DA:146,0
DA:148,0
DA:151,1
DA:152,0
DA:153,0
DA:154,0
DA:155,0
DA:156,0
DA:158,0
DA:159,0
DA:160,0
DA:161,0
DA:162,0
DA:163,1
DA:173,0
DA:174,0
DA:191,0
DA:193,0
DA:194,0
DA:196,0
DA:197,0
DA:198,0
DA:199,0
DA:200,0
DA:201,0
DA:203,0
DA:204,0
DA:205,0
DA:206,0
DA:207,0
DA:208,0
DA:209,0
DA:210,0
DA:211,0
DA:212,0
DA:213,0
DA:214,0
DA:215,0
DA:216,0
DA:217,0
DA:219,0
DA:220,0
DA:221,0
DA:226,0
DA:227,0
DA:229,0
DA:230,0
DA:231,0
DA:232,0
DA:234,0
DA:235,0
DA:237,0
DA:238,0
DA:239,0
DA:240,0
DA:243,0
DA:244,0
DA:245,0
DA:246,0
DA:247,0
DA:250,0
DA:251,0
DA:252,0
DA:253,0
DA:255,0
DA:256,0
DA:257,0
DA:259,0
DA:260,0
DA:261,0
LF:162
LH:36
BRDA:11,0,0,8
BRDA:26,1,0,2
BRDA:27,2,0,1
BRDA:28,3,0,7
BRDA:31,4,0,0
BRDA:33,5,0,7
BRDA:36,6,0,7
BRDA:40,7,0,1
BRDA:43,8,0,1
BRDA:46,9,0,5
BRDA:48,10,0,7
BRDA:51,11,0,6
BRDA:53,12,0,1
BRDA:139,13,0,1
BRDA:144,14,0,0
BRDA:151,15,0,0
BRF:16
BRH:13
end_of_record
TN:
SF:src/types/browser.ts
FNF:0
FNH:0
LF:0
LH:0
BRF:0
BRH:0
end_of_record
TN:
SF:src/types/database.ts
FN:1,(empty-report)
FNF:1
FNH:1
FNDA:1,(empty-report)
LF:0
LH:0
BRDA:1,0,0,1
BRF:1
BRH:1
end_of_record
TN:
SF:src/types/index.ts
FNF:0
FNH:0
LF:0
LH:0
BRF:0
BRH:0
end_of_record
TN:
SF:src/types/server.ts
FN:1,(empty-report)
FNF:1
FNH:1
FNDA:1,(empty-report)
LF:0
LH:0
BRDA:1,0,0,1
BRF:1
BRH:1
end_of_record
TN:
SF:src/types/tools.ts
FN:1,(empty-report)
FNF:1
FNH:1
FNDA:1,(empty-report)
LF:0
LH:0
BRDA:1,0,0,1
BRF:1
BRH:1
end_of_record
TN:
SF:src/utils/db.ts
FN:11,initializeDatabase
FN:36,getChatHistory
FN:49,saveChatMessage
FNF:3
FNH:3
FNDA:10,initializeDatabase
FNDA:7,getChatHistory
FNDA:13,saveChatMessage
DA:11,1
DA:12,10
DA:17,10
DA:18,10
DA:27,10
DA:28,10
DA:36,1
DA:37,7
DA:38,7
DA:39,7
DA:40,7
DA:41,7
DA:49,1
DA:50,13
DA:51,13
DA:52,13
DA:53,13
DA:54,13
DA:55,13
DA:56,13
LF:20
LH:20
BRDA:11,0,0,10
BRDA:36,1,0,7
BRDA:49,2,0,13
BRF:3
BRH:3
end_of_record
TN:
SF:src/utils/extraction.ts
FN:48,extractChatId
FN:75,detectAndRewriteGitHubUrl
FN:95,performContentTypeCheck
FN:129,initializePageIfNeeded
FN:145,navigateToUrl
FN:168,waitForGitHubContent
FN:186,extractGitHubContent
FN:214,extractGeneralContent
FN:236,extractFallbackContent
FN:302,formatExtractionError
FN:330,fetchSinglePageContent
FN:425,extractSameDomainLinks
FN:483,recursiveFetch
FNF:13
FNH:8
FNDA:14,extractChatId
FNDA:1,detectAndRewriteGitHubUrl
FNDA:1,performContentTypeCheck
FNDA:1,initializePageIfNeeded
FNDA:0,navigateToUrl
FNDA:0,waitForGitHubContent
FNDA:0,extractGitHubContent
FNDA:0,extractGeneralContent
FNDA:0,extractFallbackContent
FNDA:1,formatExtractionError
FNDA:1,fetchSinglePageContent
FNDA:3,extractSameDomainLinks
FNDA:3,recursiveFetch
DA:1,1
DA:2,1
DA:6,1
DA:8,1
DA:10,1
DA:11,1
DA:18,1
DA:20,1
DA:22,1
DA:24,1
DA:26,1
DA:27,1
DA:33,1
DA:48,1
DA:49,14
DA:50,3
DA:51,3
DA:53,11
DA:54,14
DA:55,1
DA:56,1
DA:59,14
DA:60,30
DA:61,30
DA:62,5
DA:63,5
DA:64,30
DA:67,14
DA:68,2
DA:69,2
DA:71,3
DA:72,3
DA:75,1
DA:76,1
DA:77,1
DA:78,1
DA:79,1
DA:80,1
DA:81,1
DA:82,0
DA:83,0
DA:84,0
DA:85,0
DA:86,0
DA:87,0
DA:88,0
DA:89,1
DA:90,0
DA:91,0
DA:92,1
DA:93,1
DA:95,1
DA:96,1
DA:97,1
DA:98,1
DA:99,1
DA:100,1
DA:101,1
DA:102,0
DA:103,0
DA:105,1
DA:106,1
DA:107,1
DA:108,1
DA:109,1
DA:110,1
DA:111,1
DA:112,1
DA:114,1
DA:115,0
DA:116,0
DA:117,0
DA:118,0
DA:119,1
DA:120,1
DA:121,1
DA:122,1
DA:123,1
DA:124,1
DA:126,1
DA:127,1
DA:129,1
DA:130,1
DA:131,1
DA:132,1
DA:133,1
DA:134,1
DA:135,1
DA:136,1
DA:137,0
DA:138,0
DA:139,0
DA:140,0
DA:141,1
DA:142,0
DA:143,0
DA:145,0
DA:146,0
DA:147,0
DA:148,0
DA:149,0
DA:150,0
DA:151,0
DA:152,0
DA:153,0
DA:154,0
DA:155,0
DA:156,0
DA:158,0
DA:159,0
DA:160,0
DA:161,0
DA:162,0
DA:163,0
DA:165,0
DA:166,0
DA:168,0
DA:169,0
DA:170,0
DA:171,0
DA:172,0
DA:173,0
DA:175,0
DA:176,0
DA:177,0
DA:178,0
DA:179,0
DA:180,0
DA:181,0
DA:182,0
DA:183,0
DA:184,0
DA:186,0
DA:187,0
DA:188,0
DA:189,0
DA:190,0
DA:191,0
DA:192,0
DA:193,0
DA:195,0
DA:196,0
DA:197,0
DA:198,0
DA:200,0
DA:201,0
DA:202,0
DA:203,0
DA:204,0
DA:205,0
DA:206,0
DA:207,0
DA:208,0
DA:210,0
DA:211,0
DA:212,0
DA:214,0
DA:215,0
DA:216,0
DA:217,0
DA:218,0
DA:219,0
DA:220,0
DA:221,0
DA:223,0
DA:224,0
DA:225,0
DA:226,0
DA:227,0
DA:228,0
DA:229,0
DA:230,0
DA:231,0
DA:233,0
DA:234,0
DA:236,0
DA:237,0
DA:238,0
DA:239,0
DA:240,0
DA:241,0
DA:242,0
DA:244,0
DA:245,0
DA:246,0
DA:247,0
DA:248,0
DA:249,0
DA:250,0
DA:251,0
DA:252,0
DA:253,0
DA:254,0
DA:255,0
DA:256,0
DA:257,0
DA:259,0
DA:260,0
DA:261,0
DA:262,0
DA:263,0
DA:264,0
DA:265,0
DA:268,0
DA:269,0
DA:270,0
DA:271,0
DA:273,0
DA:274,0
DA:275,0
DA:277,0
DA:278,0
DA:279,0
DA:280,0
DA:281,0
DA:283,0
DA:284,0
DA:286,0
DA:287,0
DA:288,0
DA:289,0
DA:290,0
DA:291,0
DA:292,0
DA:293,0
DA:294,0
DA:295,0
DA:296,0
DA:297,0
DA:299,0
DA:300,0
DA:302,1
DA:303,1
DA:304,1
DA:305,1
DA:306,1
DA:307,1
DA:308,1
DA:310,1
DA:311,1
DA:312,0
DA:313,1
DA:314,0
DA:315,1
DA:316,0
DA:317,1
DA:318,1
DA:319,1
DA:320,1
DA:322,1
DA:323,1
DA:324,1
DA:330,1
DA:331,1
DA:332,1
DA:333,1
DA:334,1
DA:337,1
DA:340,1
DA:341,1
DA:342,1
DA:343,1
DA:344,1
DA:345,1
DA:346,1
DA:347,0
DA:348,0
DA:350,1
DA:352,1
DA:355,0
DA:356,0
DA:357,0
DA:358,0
DA:359,0
DA:362,0
DA:365,0
DA:368,0
DA:370,0
DA:371,0
DA:372,0
DA:373,0
DA:374,0
DA:376,0
DA:377,0
DA:378,0
DA:380,0
DA:381,0
DA:382,0
DA:385,0
DA:386,0
DA:387,0
DA:388,0
DA:389,0
DA:390,0
DA:391,0
DA:392,0
DA:393,0
DA:394,0
DA:397,0
DA:398,0
DA:399,0
DA:400,0
DA:403,0
DA:404,0
DA:405,0
DA:406,0
DA:408,0
DA:409,1
DA:410,1
DA:411,1
DA:412,1
DA:413,1
DA:414,1
DA:415,1
DA:416,1
DA:425,3
DA:426,3
DA:427,3
DA:428,3
DA:429,3
DA:430,3
DA:431,3
DA:432,0
DA:433,0
DA:434,0
DA:435,0
DA:436,0
DA:437,0
DA:438,0
DA:439,0
DA:440,0
DA:441,0
DA:442,0
DA:443,0
DA:444,0
DA:445,0
DA:446,0
DA:447,0
DA:448,0
DA:449,0
DA:450,3
DA:451,2
DA:452,3
DA:453,7
DA:454,7
DA:455,7
DA:456,7
DA:457,4
DA:458,4
DA:459,7
DA:461,0
DA:462,7
DA:464,2
DA:465,2
DA:466,3
DA:468,1
DA:469,1
DA:470,3
DA:483,3
DA:484,3
DA:485,3
DA:486,3
DA:487,3
DA:488,3
DA:489,3
DA:490,3
DA:491,3
DA:492,3
DA:493,1
DA:494,1
DA:495,2
DA:496,2
DA:497,2
DA:498,2
DA:499,2
DA:500,2
DA:501,2
DA:502,2
DA:503,2
DA:504,2
DA:505,3
DA:507,1
DA:508,1
DA:509,1
DA:510,1
DA:511,1
DA:512,0
DA:513,0
DA:514,1
DA:516,1
DA:517,1
DA:518,1
DA:519,1
DA:520,1
DA:521,3
DA:522,0
DA:523,0
DA:524,3
DA:525,0
DA:526,0
DA:527,0
DA:528,0
DA:529,0
DA:530,0
DA:531,2
DA:533,3
DA:534,0
DA:535,0
DA:536,0
DA:537,0
DA:538,0
DA:539,0
DA:540,0
DA:541,0
DA:542,0
DA:543,0
DA:544,0
DA:545,0
DA:546,0
DA:547,0
DA:548,0
DA:549,3
LF:422
LH:179
BRDA:48,0,0,14
BRDA:49,1,0,11
BRDA:49,2,0,3
BRDA:51,3,0,11
BRDA:54,4,0,1
BRDA:56,5,0,10
BRDA:59,6,0,30
BRDA:61,7,0,5
BRDA:61,8,0,5
BRDA:64,9,0,5
BRDA:67,10,0,2
BRDA:69,11,0,3
BRDA:75,12,0,1
BRDA:81,13,0,0
BRDA:89,14,0,0
BRDA:95,15,0,1
BRDA:101,16,0,0
BRDA:114,17,0,0
BRDA:114,18,0,0
BRDA:114,19,0,0
BRDA:122,20,0,0
BRDA:129,21,0,1
BRDA:131,22,0,0
BRDA:136,23,0,0
BRDA:141,24,0,0
BRDA:302,25,0,1
BRDA:311,26,0,0
BRDA:313,27,0,0
BRDA:315,28,0,0
BRDA:330,29,0,1
BRDA:346,30,0,0
BRDA:352,31,0,0
BRDA:412,32,0,0
BRDA:425,33,0,3
BRDA:450,34,0,2
BRDA:452,35,0,7
BRDA:453,36,0,0
BRDA:456,37,0,4
BRDA:457,38,0,0
BRDA:459,39,0,0
BRDA:462,40,0,2
BRDA:466,41,0,1
BRDA:464,42,0,2
BRDA:483,43,0,3
BRDA:492,44,0,1
BRDA:494,45,0,2
BRDA:505,46,0,1
BRDA:510,47,0,0
BRDA:511,48,0,0
BRDA:511,49,0,0
BRDA:520,50,0,2
BRDA:521,51,0,0
BRDA:521,52,0,0
BRDA:524,53,0,0
BRDA:530,54,0,2
BRDA:533,55,0,0
BRDA:533,56,0,0
BRDA:533,57,0,0
BRF:58
BRH:30
end_of_record
TN:
SF:src/utils/fetch.ts
FN:14,performHttpRequest
FN:27,validateStatus
FN:34,validateContentType
FN:47,validateResponseData
FN:56,extractHtmlContent
FN:85,extractContent
FN:101,processTextContent
FN:123,formatAxiosError
FN:158,formatErrorMessage
FN:186,fetchSimpleContent
FNF:10
FNH:9
FNDA:16,performHttpRequest
FNDA:0,validateStatus
FNDA:12,validateContentType
FNDA:11,validateResponseData
FNDA:8,extractHtmlContent
FNDA:10,extractContent
FNDA:10,processTextContent
FNDA:2,formatAxiosError
FNDA:4,formatErrorMessage
FNDA:16,fetchSimpleContent
DA:7,1
DA:8,1
DA:9,1
DA:10,1
DA:14,16
DA:15,16
DA:17,16
DA:18,16
DA:19,16
DA:20,16
DA:21,16
DA:22,16
DA:23,16
DA:24,16
DA:25,16
DA:26,16
DA:27,16
DA:28,16
DA:29,16
DA:31,12
DA:32,12
DA:34,12
DA:35,12
DA:36,12
DA:37,3
DA:38,1
DA:39,12
DA:40,1
DA:41,1
DA:42,1
DA:43,1
DA:44,11
DA:45,11
DA:47,11
DA:48,11
DA:49,1
DA:50,1
DA:51,1
DA:52,1
DA:53,10
DA:54,10
DA:56,8
DA:57,8
DA:58,8
DA:59,8
DA:60,8
DA:61,8
DA:64,8
DA:65,8
DA:66,8
DA:68,8
DA:69,2
DA:70,2
DA:71,2
DA:72,8
DA:74,5
DA:75,5
DA:76,5
DA:77,8
DA:78,1
DA:79,1
DA:80,1
DA:82,8
DA:83,8
DA:85,10
DA:86,10
DA:87,10
DA:88,10
DA:89,10
DA:90,10
DA:91,10
DA:93,10
DA:94,8
DA:95,8
DA:98,10
DA:99,10
DA:101,10
DA:102,10
DA:103,10
DA:104,10
DA:106,10
DA:108,10
DA:110,1
DA:111,1
DA:112,1
DA:114,10
DA:115,2
DA:116,2
DA:117,2
DA:118,2
DA:120,8
DA:121,8
DA:123,2
DA:124,2
DA:125,2
DA:126,2
DA:127,2
DA:128,2
DA:129,1
DA:130,1
DA:131,1
DA:132,1
DA:133,1
DA:134,2
DA:135,2
DA:137,0
DA:139,0
DA:140,0
DA:141,0
DA:142,0
DA:143,0
DA:144,0
DA:145,0
DA:146,0
DA:147,0
DA:148,0
DA:149,0
DA:150,0
DA:151,0
DA:152,0
DA:153,0
DA:155,0
DA:156,0
DA:158,4
DA:159,4
DA:160,0
DA:161,0
DA:163,4
DA:165,4
DA:166,2
DA:170,2
DA:171,2
DA:173,4
DA:174,1
DA:175,1
DA:176,1
DA:177,1
DA:178,1
DA:179,0
DA:180,0
DA:181,0
DA:183,0
DA:184,0
DA:186,16
DA:187,16
DA:188,16
DA:189,16
DA:190,16
DA:191,16
DA:193,16
DA:194,16
DA:196,16
DA:197,16
DA:198,1
DA:199,1
DA:201,11
DA:202,16
DA:203,1
DA:204,1
DA:206,10
DA:207,10
DA:209,16
DA:210,2
DA:211,2
DA:213,8
DA:214,16
DA:215,16
DA:216,4
DA:217,4
DA:218,4
DA:219,4
DA:220,16
LF:172
LH:147
BRDA:14,0,0,16
BRDA:29,1,0,12
BRDA:34,2,0,12
BRDA:36,3,0,3
BRDA:37,4,0,1
BRDA:39,5,0,1
BRDA:43,6,0,11
BRDA:47,7,0,11
BRDA:48,8,0,1
BRDA:52,9,0,10
BRDA:56,10,0,8
BRDA:60,11,0,5
BRDA:68,12,0,2
BRDA:68,13,0,2
BRDA:68,14,0,2
BRDA:69,15,0,0
BRDA:72,16,0,5
BRDA:74,17,0,0
BRDA:77,18,0,1
BRDA:79,19,0,0
BRDA:85,20,0,10
BRDA:93,21,0,8
BRDA:95,22,0,2
BRDA:101,23,0,10
BRDA:108,24,0,1
BRDA:114,25,0,2
BRDA:118,26,0,8
BRDA:123,27,0,2
BRDA:128,28,0,1
BRDA:129,29,0,0
BRDA:132,30,0,0
BRDA:133,31,0,0
BRDA:135,32,0,0
BRDA:158,33,0,4
BRDA:159,34,0,0
BRDA:165,35,0,2
BRDA:173,36,0,1
BRDA:178,37,0,0
BRDA:186,38,0,16
BRDA:191,39,0,12
BRDA:193,40,0,0
BRDA:194,41,0,12
BRDA:197,42,0,1
BRDA:199,43,0,11
BRDA:202,44,0,1
BRDA:204,45,0,10
BRDA:209,46,0,8
BRDA:209,47,0,2
BRDA:211,48,0,8
BRDA:215,49,0,4
BRF:50
BRH:40
end_of_record
TN:
SF:src/utils/logging.ts
FN:10,log
FN:27,logInfo
FN:28,logWarn
FN:29,logError
FNF:4
FNH:4
FNDA:22,log
FNDA:2,logInfo
FNDA:2,logWarn
FNDA:2,logError
DA:10,1
DA:12,22
DA:13,1
DA:14,1
DA:16,21
DA:18,22
DA:20,6
DA:21,22
DA:23,15
DA:24,15
DA:25,22
DA:27,1
DA:28,1
DA:29,1
LF:14
LH:14
BRDA:10,0,0,22
BRDA:12,1,0,7
BRDA:12,2,0,2
BRDA:12,3,0,1
BRDA:14,4,0,21
BRDA:18,5,0,7
BRDA:18,6,0,6
BRDA:21,7,0,15
BRDA:27,8,0,2
BRDA:28,9,0,2
BRDA:29,10,0,2
BRF:11
BRH:11
end_of_record
TN:
SF:src/utils/puppeteer-logic.ts
FN:60,isResearchModeActive
FN:83,getResearchModeSelectors
FN:142,normalizeModelName
FN:156,matchesModelName
FN:181,determineRecoveryLevel
FN:214,analyzeError
FN:237,generateRetryJitter
FN:245,generateConnectionDelay
FN:253,generateDetachedFrameDelay
FN:260,calculateRetryDelay
FN:290,generateBrowserArgs
FN:349,getSearchInputSelectors
FN:363,getCaptchaSelectors
FN:411,validateNavigationUrl
FN:428,isNavigationFailure
FN:519,getSubmitButtonSelector
FN:527,getTextareaSelector
FNF:17
FNH:15
FNDA:25,isResearchModeActive
FNDA:8,getResearchModeSelectors
FNDA:42,normalizeModelName
FNDA:16,matchesModelName
FNDA:4,determineRecoveryLevel
FNDA:6,analyzeError
FNDA:5,generateRetryJitter
FNDA:0,generateConnectionDelay
FNDA:0,generateDetachedFrameDelay
FNDA:5,calculateRetryDelay
FNDA:2,generateBrowserArgs
FNDA:1,getSearchInputSelectors
FNDA:1,getCaptchaSelectors
FNDA:6,validateNavigationUrl
FNDA:2,isNavigationFailure
FNDA:4,getSubmitButtonSelector
FNDA:1,getTextareaSelector
DA:13,1
DA:15,1
DA:16,1
DA:17,1
DA:18,1
DA:19,1
DA:20,1
DA:21,1
DA:22,1
DA:23,1
DA:25,1
DA:26,1
DA:27,1
DA:28,1
DA:29,1
DA:30,1
DA:31,1
DA:33,1
DA:34,1
DA:35,1
DA:36,1
DA:37,1
DA:38,1
DA:39,1
DA:40,1
DA:41,1
DA:42,1
DA:44,1
DA:45,1
DA:46,1
DA:47,1
DA:48,1
DA:49,1
DA:50,1
DA:60,1
DA:61,25
DA:62,25
DA:63,25
DA:65,25
DA:66,11
DA:67,11
DA:70,25
DA:71,2
DA:72,2
DA:74,12
DA:75,12
DA:83,1
DA:84,8
DA:85,4
DA:86,4
DA:87,8
DA:94,1
DA:96,1
DA:97,1
DA:98,1
DA:99,1
DA:100,1
DA:101,1
DA:102,1
DA:104,1
DA:105,1
DA:106,1
DA:108,1
DA:109,1
DA:110,1
DA:111,1
DA:112,1
DA:113,1
DA:114,1
DA:115,1
DA:117,1
DA:118,1
DA:119,1
DA:120,1
DA:121,1
DA:122,1
DA:123,1
DA:125,1
DA:126,1
DA:127,1
DA:128,1
DA:129,1
DA:130,1
DA:131,1
DA:142,1
DA:143,42
DA:144,42
DA:156,1
DA:157,16
DA:158,16
DA:161,16
DA:162,5
DA:163,5
DA:166,16
DA:167,6
DA:168,6
DA:171,16
DA:172,2
DA:173,2
DA:175,3
DA:176,3
DA:181,1
DA:182,4
DA:184,3
DA:187,3
DA:188,3
DA:189,2
DA:190,2
DA:191,2
DA:192,2
DA:193,4
DA:194,1
DA:195,1
DA:198,4
DA:199,0
DA:200,0
DA:203,4
DA:204,1
DA:205,1
DA:208,1
DA:209,1
DA:214,1
DA:215,6
DA:216,6
DA:218,6
DA:219,6
DA:220,6
DA:221,6
DA:222,6
DA:223,6
DA:224,6
DA:225,5
DA:226,5
DA:227,6
DA:228,6
DA:229,6
DA:230,6
DA:231,6
DA:237,5
DA:238,5
DA:239,5
DA:245,0
DA:246,0
DA:247,0
DA:253,0
DA:254,0
DA:255,0
DA:260,1
DA:261,5
DA:262,5
DA:263,5
DA:264,5
DA:265,5
DA:267,5
DA:268,1
DA:269,5
DA:270,0
DA:271,4
DA:272,0
DA:273,4
DA:274,0
DA:275,4
DA:277,4
DA:278,4
DA:281,5
DA:282,5
DA:284,5
DA:285,5
DA:290,1
DA:291,2
DA:293,2
DA:294,2
DA:295,2
DA:296,2
DA:299,2
DA:300,2
DA:301,2
DA:302,2
DA:303,2
DA:304,2
DA:305,2
DA:306,2
DA:307,2
DA:308,2
DA:309,2
DA:310,2
DA:311,2
DA:312,2
DA:313,2
DA:314,2
DA:315,2
DA:316,2
DA:317,2
DA:318,2
DA:319,2
DA:320,2
DA:321,2
DA:322,2
DA:323,2
DA:324,2
DA:325,2
DA:328,2
DA:329,2
DA:330,2
DA:331,2
DA:332,2
DA:333,2
DA:334,2
DA:335,2
DA:336,2
DA:339,2
DA:342,2
DA:343,2
DA:344,2
DA:349,1
DA:350,1
DA:351,1
DA:352,1
DA:353,1
DA:354,1
DA:355,1
DA:356,1
DA:357,1
DA:358,1
DA:363,1
DA:364,1
DA:366,1
DA:367,1
DA:368,1
DA:369,1
DA:372,1
DA:373,1
DA:374,1
DA:377,1
DA:378,1
DA:379,1
DA:380,1
DA:381,1
DA:382,1
DA:385,1
DA:386,1
DA:387,1
DA:388,1
DA:389,1
DA:392,1
DA:393,1
DA:394,1
DA:395,1
DA:398,1
DA:399,1
DA:400,1
DA:403,1
DA:404,1
DA:405,1
DA:406,1
DA:411,1
DA:412,6
DA:413,6
DA:415,6
DA:416,0
DA:417,0
DA:419,6
DA:420,6
DA:421,2
DA:422,2
DA:423,6
DA:428,1
DA:429,2
DA:431,2
DA:432,2
DA:433,2
DA:434,2
DA:435,2
DA:436,2
DA:437,0
DA:438,0
DA:439,2
DA:441,0
DA:442,0
DA:456,1
DA:458,1
DA:459,1
DA:460,1
DA:461,1
DA:464,1
DA:465,1
DA:466,1
DA:467,1
DA:470,1
DA:471,1
DA:474,1
DA:475,1
DA:476,1
DA:477,1
DA:478,1
DA:479,1
DA:490,1
DA:492,1
DA:493,1
DA:494,1
DA:495,1
DA:498,1
DA:499,1
DA:500,1
DA:503,1
DA:504,1
DA:507,1
DA:508,1
DA:519,1
DA:520,4
DA:521,4
DA:527,1
DA:528,1
DA:529,1
LF:314
LH:297
BRDA:60,0,0,25
BRDA:65,1,0,11
BRDA:67,2,0,14
BRDA:70,3,0,2
BRDA:72,4,0,12
BRDA:83,5,0,8
BRDA:84,6,0,4
BRDA:85,7,0,4
BRDA:142,8,0,42
BRDA:156,9,0,16
BRDA:161,10,0,5
BRDA:163,11,0,11
BRDA:166,12,0,6
BRDA:168,13,0,5
BRDA:171,14,0,2
BRDA:173,15,0,3
BRDA:181,16,0,4
BRDA:182,17,0,1
BRDA:182,18,0,3
BRDA:188,19,0,2
BRDA:189,20,0,2
BRDA:190,21,0,2
BRDA:191,22,0,2
BRDA:193,23,0,1
BRDA:195,24,0,2
BRDA:198,25,0,2
BRDA:198,26,0,0
BRDA:200,27,0,2
BRDA:203,28,0,1
BRDA:214,29,0,6
BRDA:215,30,0,1
BRDA:215,31,0,5
BRDA:219,32,0,5
BRDA:220,33,0,5
BRDA:222,34,0,4
BRDA:222,35,0,4
BRDA:224,36,0,5
BRDA:225,37,0,5
BRDA:227,38,0,5
BRDA:237,39,0,5
BRDA:260,40,0,5
BRDA:267,41,0,1
BRDA:269,42,0,4
BRDA:269,43,0,0
BRDA:271,44,0,0
BRDA:273,45,0,0
BRDA:290,46,0,2
BRDA:349,47,0,1
BRDA:363,48,0,1
BRDA:411,49,0,6
BRDA:415,50,0,0
BRDA:415,51,0,0
BRDA:417,52,0,4
BRDA:419,53,0,2
BRDA:420,54,0,2
BRDA:428,55,0,2
BRDA:429,56,0,0
BRDA:436,57,0,0
BRDA:439,58,0,0
BRDA:519,59,0,4
BRDA:527,60,0,1
BRF:61
BRH:52
end_of_record
TN:
SF:src/utils/puppeteer.ts
FN:31,initializeBrowser
FN:99,performInitialNavigation
FN:126,validatePageState
FN:133,waitForAndValidateSearchInput
FN:146,validateFinalPageState
FN:164,handleNavigationFailure
FN:187,isRecoverableError
FN:204,navigateToPerplexity
FN:230,openPerplexityChat
FN:295,openPerplexitySpace
FN:372,switchModel
FN:450,getCurrentModelSelection
FN:474,openModelDropdown
FN:500,waitForModelOptions
FN:584,setResearchMode
FN:645,checkResearchModeActive
FN:686,clickResearchModeButton
FN:707,setupBrowserEvasion
FN:791,waitForSearchInput
FN:845,checkForCaptcha
FN:855,performPageRefresh
FN:870,performNewPageCreation
FN:907,cleanupPage
FN:919,cleanupBrowser
FN:931,performFullBrowserRestart
FN:946,recoveryProcedure
FN:1067,generateCriticalErrorDelay
FN:1071,handleDetachedFrameError
FN:1084,handleCaptchaDetection
FN:1105,handleTimeoutError
FN:1118,handleNavigationError
FN:1135,generateConnectionErrorDelay
FN:1139,handleConnectionError
FN:1151,generateNavigationFailureDelay
FN:1155,handleRetryNavigation
FN:1175,handleRetryError
FN:1251,retryOperation
FN:1305,cleanupOldDebugScreenshots
FN:1340,trackRecoverySuccess
FN:1348,resetIdleTimeout
FN:1427,sendChatMessage
FNF:41
FNH:3
FNDA:0,initializeBrowser
FNDA:0,performInitialNavigation
FNDA:0,validatePageState
FNDA:0,waitForAndValidateSearchInput
FNDA:0,validateFinalPageState
FNDA:0,handleNavigationFailure
FNDA:0,isRecoverableError
FNDA:0,navigateToPerplexity
FNDA:8,openPerplexityChat
FNDA:14,openPerplexitySpace
FNDA:0,switchModel
FNDA:0,getCurrentModelSelection
FNDA:0,openModelDropdown
FNDA:0,waitForModelOptions
FNDA:0,setResearchMode
FNDA:0,checkResearchModeActive
FNDA:0,clickResearchModeButton
FNDA:0,setupBrowserEvasion
FNDA:0,waitForSearchInput
FNDA:0,checkForCaptcha
FNDA:0,performPageRefresh
FNDA:0,performNewPageCreation
FNDA:0,cleanupPage
FNDA:0,cleanupBrowser
FNDA:0,performFullBrowserRestart
FNDA:0,recoveryProcedure
FNDA:0,generateCriticalErrorDelay
FNDA:0,handleDetachedFrameError
FNDA:0,handleCaptchaDetection
FNDA:0,handleTimeoutError
FNDA:0,handleNavigationError
FNDA:0,generateConnectionErrorDelay
FNDA:0,handleConnectionError
FNDA:0,generateNavigationFailureDelay
FNDA:0,handleRetryNavigation
FNDA:0,handleRetryError
FNDA:0,retryOperation
FNDA:0,cleanupOldDebugScreenshots
FNDA:0,trackRecoverySuccess
FNDA:0,resetIdleTimeout
FNDA:25,sendChatMessage
DA:1,1
DA:6,1
DA:7,1
DA:8,1
DA:15,1
DA:16,1
DA:29,1
DA:31,0
DA:32,0
DA:33,0
DA:34,0
DA:35,0
DA:36,0
DA:37,0
DA:38,0
DA:39,0
DA:40,0
DA:41,0
DA:42,0
DA:45,0
DA:46,0
DA:47,0
DA:48,0
DA:49,0
DA:51,0
DA:52,0
DA:53,0
DA:54,0
DA:55,0
DA:56,0
DA:57,0
DA:58,0
DA:59,0
DA:60,0
DA:61,0
DA:62,0
DA:63,0
DA:64,0
DA:65,0
DA:66,0
DA:67,0
DA:68,0
DA:70,0
DA:71,0
DA:72,0
DA:73,0
DA:74,0
DA:78,0
DA:79,0
DA:80,0
DA:82,0
DA:83,0
DA:84,0
DA:85,0
DA:86,0
DA:87,0
DA:88,0
DA:89,0
DA:90,0
DA:91,0
DA:92,0
DA:93,0
DA:94,0
DA:95,0
DA:96,0
DA:99,0
DA:100,0
DA:101,0
DA:102,0
DA:103,0
DA:104,0
DA:105,0
DA:106,0
DA:107,0
DA:108,0
DA:109,0
DA:110,0
DA:111,0
DA:112,0
DA:113,0
DA:114,0
DA:115,0
DA:116,0
DA:117,0
DA:118,0
DA:119,0
DA:120,0
DA:121,0
DA:122,0
DA:123,0
DA:124,0
DA:126,0
DA:127,0
DA:128,0
DA:129,0
DA:130,0
DA:131,0
DA:133,0
DA:134,0
DA:135,0
DA:137,0
DA:138,0
DA:139,0
DA:140,0
DA:141,0
DA:142,0
DA:143,0
DA:144,0
DA:146,0
DA:148,0
DA:150,0
DA:151,0
DA:152,0
DA:153,0
DA:154,0
DA:156,0
DA:158,0
DA:159,0
DA:160,0
DA:161,0
DA:162,0
DA:164,0
DA:165,0
DA:168,0
DA:170,0
DA:171,0
DA:172,0
DA:173,0
DA:175,0
DA:176,0
DA:177,0
DA:178,0
DA:179,0
DA:180,0
DA:181,0
DA:182,0
DA:184,0
DA:185,0
DA:187,0
DA:188,0
DA:190,0
DA:191,0
DA:192,0
DA:193,0
DA:196,0
DA:197,0
DA:198,0
DA:199,0
DA:200,0
DA:202,0
DA:204,0
DA:205,0
DA:206,0
DA:208,0
DA:209,0
DA:211,0
DA:212,0
DA:213,0
DA:214,0
DA:216,0
DA:217,0
DA:218,0
DA:219,0
DA:220,0
DA:230,8
DA:231,8
DA:234,8
DA:235,2
DA:236,2
DA:238,6
DA:239,6
DA:242,6
DA:243,6
DA:244,6
DA:245,6
DA:248,6
DA:249,6
DA:250,6
DA:251,1
DA:252,1
DA:253,6
DA:254,1
DA:255,1
DA:256,6
DA:259,4
DA:260,8
DA:261,1
DA:262,1
DA:265,3
DA:266,3
DA:268,3
DA:269,3
DA:270,3
DA:271,3
DA:272,3
DA:273,8
DA:274,1
DA:275,1
DA:276,1
DA:277,1
DA:279,2
DA:280,2
DA:295,14
DA:296,14
DA:299,14
DA:300,2
DA:301,2
DA:304,14
DA:305,2
DA:306,2
DA:308,10
DA:309,10
DA:312,10
DA:313,10
DA:314,10
DA:315,10
DA:318,10
DA:319,10
DA:320,10
DA:321,2
DA:322,2
DA:323,2
DA:324,2
DA:325,10
DA:326,1
DA:327,1
DA:328,10
DA:331,7
DA:332,14
DA:333,2
DA:334,2
DA:335,2
DA:336,2
DA:339,5
DA:340,5
DA:342,5
DA:343,5
DA:344,5
DA:345,5
DA:346,5
DA:347,14
DA:348,2
DA:349,2
DA:350,2
DA:351,2
DA:354,3
DA:355,3
DA:372,0
DA:373,0
DA:374,0
DA:375,0
DA:376,0
DA:379,0
DA:380,0
DA:381,0
DA:383,0
DA:386,0
DA:387,0
DA:388,0
DA:391,0
DA:392,0
DA:393,0
DA:394,0
DA:395,0
DA:396,0
DA:397,0
DA:398,0
DA:399,0
DA:402,0
DA:403,0
DA:404,0
DA:405,0
DA:406,0
DA:407,0
DA:410,0
DA:411,0
DA:412,0
DA:413,0
DA:416,0
DA:417,0
DA:419,0
DA:421,0
DA:422,0
DA:423,0
DA:424,0
DA:425,0
DA:428,0
DA:429,0
DA:430,0
DA:433,0
DA:435,0
DA:436,0
DA:437,0
DA:438,0
DA:439,0
DA:440,0
DA:441,0
DA:442,0
DA:443,0
DA:444,0
DA:445,0
DA:450,0
DA:451,0
DA:452,0
DA:453,0
DA:454,0
DA:456,0
DA:457,0
DA:458,0
DA:459,0
DA:460,0
DA:461,0
DA:462,0
DA:463,0
DA:464,0
DA:465,0
DA:466,0
DA:467,0
DA:468,0
DA:469,0
DA:474,0
DA:475,0
DA:476,0
DA:477,0
DA:478,0
DA:480,0
DA:481,0
DA:482,0
DA:483,0
DA:484,0
DA:486,0
DA:487,0
DA:488,0
DA:489,0
DA:490,0
DA:492,0
DA:493,0
DA:494,0
DA:495,0
DA:500,0
DA:501,0
DA:502,0
DA:503,0
DA:504,0
DA:505,0
DA:507,0
DA:509,0
DA:510,0
DA:511,0
DA:513,0
DA:514,0
DA:515,0
DA:517,0
DA:518,0
DA:519,0
DA:520,0
DA:521,0
DA:522,0
DA:524,0
DA:525,0
DA:526,0
DA:527,0
DA:528,0
DA:529,0
DA:530,0
DA:531,0
DA:534,0
DA:535,0
DA:536,0
DA:538,0
DA:539,0
DA:540,0
DA:541,0
DA:542,0
DA:543,0
DA:544,0
DA:545,0
DA:546,0
DA:547,0
DA:548,0
DA:549,0
DA:552,0
DA:553,0
DA:555,0
DA:556,0
DA:584,0
DA:585,0
DA:586,0
DA:587,0
DA:588,0
DA:591,0
DA:592,0
DA:593,0
DA:595,0
DA:598,0
DA:599,0
DA:600,0
DA:603,0
DA:606,0
DA:607,0
DA:608,0
DA:609,0
DA:610,0
DA:611,0
DA:612,0
DA:613,0
DA:614,0
DA:617,0
DA:618,0
DA:620,0
DA:621,0
DA:622,0
DA:623,0
DA:624,0
DA:625,0
DA:626,0
DA:627,0
DA:628,0
DA:629,0
DA:632,0
DA:634,0
DA:635,0
DA:636,0
DA:637,0
DA:638,0
DA:639,0
DA:640,0
DA:645,0
DA:646,0
DA:647,0
DA:648,0
DA:649,0
DA:651,0
DA:654,0
DA:655,0
DA:656,0
DA:658,0
DA:659,0
DA:660,0
DA:661,0
DA:664,0
DA:665,0
DA:666,0
DA:667,0
DA:668,0
DA:669,0
DA:670,0
DA:672,0
DA:673,0
DA:674,0
DA:675,0
DA:676,0
DA:677,0
DA:678,0
DA:679,0
DA:680,0
DA:681,0
DA:686,0
DA:687,0
DA:688,0
DA:689,0
DA:690,0
DA:692,0
DA:693,0
DA:694,0
DA:695,0
DA:696,0
DA:697,0
DA:698,0
DA:699,0
DA:700,0
DA:702,0
DA:703,0
DA:704,0
DA:705,0
DA:707,0
DA:708,0
DA:709,0
DA:710,0
DA:711,0
DA:712,0
DA:713,0
DA:714,0
DA:715,0
DA:716,0
DA:717,0
DA:718,0
DA:719,0
DA:720,0
DA:721,0
DA:722,0
DA:723,0
DA:724,0
DA:725,0
DA:726,0
DA:727,0
DA:728,0
DA:729,0
DA:730,0
DA:731,0
DA:732,0
DA:733,0
DA:734,0
DA:735,0
DA:736,0
DA:737,0
DA:738,0
DA:739,0
DA:740,0
DA:741,0
DA:742,0
DA:743,0
DA:744,0
DA:745,0
DA:746,0
DA:747,0
DA:748,0
DA:749,0
DA:750,0
DA:751,0
DA:752,0
DA:753,0
DA:754,0
DA:755,0
DA:756,0
DA:757,0
DA:758,0
DA:759,0
DA:760,0
DA:761,0
DA:762,0
DA:763,0
DA:764,0
DA:765,0
DA:766,0
DA:767,0
DA:768,0
DA:769,0
DA:770,0
DA:771,0
DA:772,0
DA:773,0
DA:774,0
DA:775,0
DA:776,0
DA:777,0
DA:778,0
DA:779,0
DA:780,0
DA:781,0
DA:782,0
DA:783,0
DA:784,0
DA:785,0
DA:786,0
DA:787,0
DA:788,0
DA:789,0
DA:791,0
DA:792,0
DA:793,0
DA:794,0
DA:795,0
DA:796,0
DA:799,0
DA:800,0
DA:801,0
DA:802,0
DA:803,0
DA:804,0
DA:805,0
DA:806,0
DA:807,0
DA:808,0
DA:809,0
DA:810,0
DA:811,0
DA:812,0
DA:813,0
DA:814,0
DA:815,0
DA:817,0
DA:819,0
DA:820,0
DA:821,0
DA:822,0
DA:823,0
DA:824,0
DA:825,0
DA:826,0
DA:827,0
DA:828,0
DA:829,0
DA:830,0
DA:831,0
DA:832,0
DA:833,0
DA:834,0
DA:835,0
DA:836,0
DA:838,0
DA:839,0
DA:841,0
DA:842,0
DA:843,0
DA:845,0
DA:846,0
DA:847,0
DA:848,0
DA:849,0
DA:850,0
DA:851,0
DA:852,0
DA:855,0
DA:856,0
DA:857,0
DA:858,0
DA:859,0
DA:860,0
DA:861,0
DA:862,0
DA:863,0
DA:864,0
DA:865,0
DA:866,0
DA:867,0
DA:868,0
DA:870,0
DA:871,0
DA:873,0
DA:874,0
DA:875,0
DA:876,0
DA:877,0
DA:878,0
DA:879,0
DA:880,0
DA:881,0
DA:882,0
DA:884,0
DA:885,0
DA:886,0
DA:887,0
DA:888,0
DA:889,0
DA:891,0
DA:892,0
DA:893,0
DA:894,0
DA:895,0
DA:896,0
DA:897,0
DA:898,0
DA:899,0
DA:900,0
DA:901,0
DA:902,0
DA:903,0
DA:904,0
DA:907,0
DA:908,0
DA:910,0
DA:911,0
DA:912,0
DA:913,0
DA:914,0
DA:915,0
DA:916,0
DA:917,0
DA:919,0
DA:920,0
DA:922,0
DA:923,0
DA:924,0
DA:925,0
DA:926,0
DA:927,0
DA:928,0
DA:929,0
DA:931,0
DA:932,0
DA:934,0
DA:935,0
DA:937,0
DA:938,0
DA:939,0
DA:941,0
DA:942,0
DA:943,0
DA:944,0
DA:946,0
DA:948,0
DA:949,0
DA:950,0
DA:951,0
DA:952,0
DA:953,0
DA:955,0
DA:956,0
DA:958,0
DA:961,0
DA:962,0
DA:963,0
DA:964,0
DA:965,0
DA:967,0
DA:968,0
DA:969,0
DA:970,0
DA:971,0
DA:972,0
DA:973,0
DA:974,0
DA:975,0
DA:976,0
DA:977,0
DA:978,0
DA:979,0
DA:980,0
DA:981,0
DA:982,0
DA:984,0
DA:985,0
DA:986,0
DA:987,0
DA:988,0
DA:989,0
DA:990,0
DA:991,0
DA:992,0
DA:993,0
DA:994,0
DA:995,0
DA:996,0
DA:997,0
DA:998,0
DA:999,0
DA:1000,0
DA:1001,0
DA:1002,0
DA:1003,0
DA:1004,0
DA:1005,0
DA:1006,0
DA:1008,0
DA:1009,0
DA:1010,0
DA:1011,0
DA:1012,0
DA:1013,0
DA:1014,0
DA:1015,0
DA:1016,0
DA:1017,0
DA:1018,0
DA:1019,0
DA:1020,0
DA:1021,0
DA:1022,0
DA:1023,0
DA:1024,0
DA:1025,0
DA:1026,0
DA:1027,0
DA:1028,0
DA:1029,0
DA:1030,0
DA:1031,0
DA:1032,0
DA:1033,0
DA:1034,0
DA:1035,0
DA:1036,0
DA:1037,0
DA:1038,0
DA:1039,0
DA:1040,0
DA:1041,0
DA:1042,0
DA:1043,0
DA:1044,0
DA:1046,0
DA:1047,0
DA:1048,0
DA:1049,0
DA:1050,0
DA:1053,0
DA:1054,0
DA:1055,0
DA:1056,0
DA:1057,0
DA:1058,0
DA:1059,0
DA:1060,0
DA:1067,0
DA:1068,0
DA:1069,0
DA:1071,0
DA:1072,0
DA:1073,0
DA:1074,0
DA:1075,0
DA:1076,0
DA:1077,0
DA:1078,0
DA:1079,0
DA:1080,0
DA:1081,0
DA:1082,0
DA:1084,0
DA:1085,0
DA:1086,0
DA:1087,0
DA:1088,0
DA:1090,0
DA:1091,0
DA:1092,0
DA:1093,0
DA:1094,0
DA:1095,0
DA:1096,0
DA:1097,0
DA:1098,0
DA:1099,0
DA:1100,0
DA:1102,0
DA:1103,0
DA:1105,0
DA:1106,0
DA:1107,0
DA:1108,0
DA:1109,0
DA:1110,0
DA:1111,0
DA:1112,0
DA:1113,0
DA:1114,0
DA:1115,0
DA:1116,0
DA:1118,0
DA:1119,0
DA:1120,0
DA:1121,0
DA:1122,0
DA:1123,0
DA:1124,0
DA:1125,0
DA:1126,0
DA:1127,0
DA:1128,0
DA:1129,0
DA:1135,0
DA:1136,0
DA:1137,0
DA:1139,0
DA:1140,0
DA:1141,0
DA:1142,0
DA:1143,0
DA:1144,0
DA:1145,0
DA:1151,0
DA:1152,0
DA:1153,0
DA:1155,0
DA:1156,0
DA:1157,0
DA:1158,0
DA:1159,0
DA:1160,0
DA:1161,0
DA:1162,0
DA:1163,0
DA:1164,0
DA:1165,0
DA:1166,0
DA:1167,0
DA:1168,0
DA:1169,0
DA:1170,0
DA:1171,0
DA:1172,0
DA:1175,0
DA:1176,0
DA:1177,0
DA:1178,0
DA:1179,0
DA:1180,0
DA:1185,0
DA:1186,0
DA:1187,0
DA:1188,0
DA:1191,0
DA:1192,0
DA:1193,0
DA:1194,0
DA:1195,0
DA:1196,0
DA:1197,0
DA:1198,0
DA:1201,0
DA:1202,0
DA:1203,0
DA:1204,0
DA:1205,0
DA:1206,0
DA:1207,0
DA:1208,0
DA:1211,0
DA:1212,0
DA:1213,0
DA:1214,0
DA:1215,0
DA:1216,0
DA:1217,0
DA:1218,0
DA:1220,0
DA:1221,0
DA:1222,0
DA:1223,0
DA:1224,0
DA:1225,0
DA:1226,0
DA:1227,0
DA:1229,0
DA:1230,0
DA:1231,0
DA:1232,0
DA:1233,0
DA:1234,0
DA:1235,0
DA:1236,0
DA:1239,0
DA:1240,0
DA:1241,0
DA:1242,0
DA:1244,0
DA:1245,0
DA:1246,0
DA:1247,0
DA:1248,0
DA:1249,0
DA:1251,0
DA:1252,0
DA:1253,0
DA:1254,0
DA:1255,0
DA:1256,0
DA:1257,0
DA:1258,0
DA:1259,0
DA:1261,0
DA:1262,0
DA:1263,0
DA:1264,0
DA:1267,0
DA:1268,0
DA:1269,0
DA:1270,0
DA:1272,0
DA:1273,0
DA:1274,0
DA:1275,0
DA:1277,0
DA:1278,0
DA:1279,0
DA:1280,0
DA:1282,0
DA:1283,0
DA:1284,0
DA:1285,0
DA:1286,0
DA:1287,0
DA:1288,0
DA:1289,0
DA:1290,0
DA:1291,0
DA:1292,0
DA:1293,0
DA:1295,0
DA:1296,0
DA:1297,0
DA:1298,0
DA:1299,0
DA:1300,0
DA:1305,0
DA:1306,0
DA:1307,0
DA:1308,0
DA:1310,0
DA:1311,0
DA:1314,0
DA:1315,0
DA:1316,0
DA:1317,0
DA:1318,0
DA:1319,0
DA:1321,0
DA:1322,0
DA:1324,0
DA:1325,0
DA:1326,0
DA:1327,0
DA:1328,0
DA:1329,0
DA:1330,0
DA:1331,0
DA:1332,0
DA:1333,0
DA:1334,0
DA:1335,0
DA:1340,0
DA:1343,0
DA:1344,0
DA:1345,0
DA:1346,0
DA:1348,1
DA:1349,0
DA:1350,0
DA:1351,0
DA:1352,0
DA:1353,0
DA:1354,0
DA:1355,0
DA:1356,0
DA:1357,0
DA:1358,0
DA:1359,0
DA:1360,0
DA:1361,0
DA:1362,0
DA:1363,0
DA:1364,0
DA:1365,0
DA:1366,0
DA:1367,0
DA:1368,0
DA:1369,0
DA:1370,0
DA:1371,0
DA:1372,0
DA:1373,0
DA:1374,0
DA:1375,0
DA:1376,0
DA:1427,25
DA:1428,25
DA:1429,25
DA:1430,25
DA:1431,25
DA:1432,25
DA:1433,25
DA:1436,25
DA:1437,2
DA:1438,2
DA:1439,2
DA:1440,2
DA:1441,2
DA:1442,2
DA:1443,2
DA:1444,2
DA:1447,23
DA:1448,23
DA:1449,23
DA:1450,23
DA:1451,23
DA:1452,23
DA:1453,23
DA:1456,23
DA:1457,23
DA:1459,23
DA:1460,23
DA:1461,23
DA:1462,23
DA:1463,23
DA:1466,22
DA:1467,22
DA:1468,22
DA:1469,22
DA:1470,22
DA:1471,22
DA:1472,22
DA:1474,25
DA:1475,0
DA:1476,0
DA:1477,25
DA:1478,1
DA:1479,1
DA:1480,1
DA:1481,1
DA:1482,1
DA:1483,1
DA:1484,1
DA:1485,1
DA:1486,1
DA:1489,22
DA:1490,22
DA:1491,25
DA:1492,1
DA:1493,1
DA:1494,1
DA:1495,1
DA:1496,1
DA:1497,1
DA:1498,1
DA:1499,1
DA:1503,21
DA:1504,21
DA:1505,21
DA:1506,21
DA:1507,21
DA:1508,0
DA:1511,0
DA:1512,0
DA:1513,0
DA:1514,0
DA:1517,0
DA:1518,0
DA:1519,0
DA:1521,0
DA:1522,0
DA:1525,0
DA:1526,0
DA:1527,0
DA:1528,0
DA:1529,0
DA:1530,0
DA:1531,0
DA:1532,0
DA:1534,0
DA:1535,0
DA:1536,21
DA:1537,21
DA:1538,21
DA:1539,25
DA:1540,1
DA:1541,1
DA:1542,1
DA:1543,1
DA:1544,1
DA:1545,1
DA:1546,1
DA:1547,1
DA:1550,25
DA:1552,1
DA:1553,1
DA:1554,1
DA:1555,1
DA:1556,1
DA:1557,1
DA:1558,1
DA:1559,1
DA:1560,1
DA:1561,1
DA:1564,19
DA:1567,19
DA:1569,25
DA:1570,3
DA:1572,3
DA:1573,3
DA:1574,3
DA:1575,3
DA:1576,3
DA:1579,2
DA:1580,2
DA:1581,2
DA:1583,2
DA:1584,0
DA:1585,0
DA:1586,2
DA:1588,2
DA:1589,2
DA:1590,2
DA:1591,2
DA:1592,2
DA:1593,2
DA:1595,3
DA:1597,0
DA:1598,0
DA:1601,2
DA:1602,2
DA:1603,1
DA:1605,1
DA:1606,1
DA:1607,1
DA:1609,2
DA:1610,2
DA:1611,2
DA:1612,3
DA:1613,1
DA:1614,1
DA:1615,1
DA:1616,1
DA:1617,1
DA:1618,1
DA:1619,1
DA:1620,1
DA:1621,1
DA:1622,1
DA:1623,3
DA:1625,18
DA:1626,18
DA:1627,18
DA:1628,18
DA:1629,18
DA:1630,18
DA:1631,18
DA:1632,18
LF:1208
LH:228
BRDA:230,0,0,8
BRDA:234,1,0,7
BRDA:234,2,0,2
BRDA:236,3,0,6
BRDA:250,4,0,1
BRDA:252,5,0,5
BRDA:253,6,0,1
BRDA:256,7,0,4
BRDA:260,8,0,1
BRDA:262,9,0,3
BRDA:272,10,0,2
BRDA:273,11,0,1
BRDA:277,12,0,2
BRDA:295,13,0,14
BRDA:299,14,0,13
BRDA:299,15,0,2
BRDA:301,16,0,12
BRDA:304,17,0,11
BRDA:304,18,0,2
BRDA:306,19,0,10
BRDA:320,20,0,2
BRDA:324,21,0,8
BRDA:325,22,0,1
BRDA:328,23,0,7
BRDA:332,24,0,2
BRDA:336,25,0,5
BRDA:346,26,0,3
BRDA:347,27,0,2
BRDA:351,28,0,3
BRDA:1427,29,0,25
BRDA:1436,30,0,24
BRDA:1436,31,0,2
BRDA:1444,32,0,23
BRDA:1463,33,0,22
BRDA:1474,34,0,0
BRDA:1477,35,0,1
BRDA:1486,36,0,22
BRDA:1490,37,0,21
BRDA:1491,38,0,1
BRDA:1496,39,0,0
BRDA:1499,40,0,21
BRDA:1538,41,0,20
BRDA:1539,42,0,1
BRDA:1544,43,0,0
BRDA:1547,44,0,20
BRDA:1550,45,0,1
BRDA:1558,46,0,0
BRDA:1558,47,0,0
BRDA:1561,48,0,19
BRDA:1569,49,0,3
BRDA:1576,50,0,2
BRDA:1595,51,0,0
BRDA:1598,52,0,2
BRDA:1602,53,0,1
BRDA:1607,54,0,2
BRDA:1612,55,0,1
BRDA:1623,56,0,18
BRDA:1552,57,0,14
BRDA:1553,58,0,15
BRDA:1564,59,0,19
BRDA:1605,60,0,1
BRF:61
BRH:55
end_of_record
